[debug] [2025-06-19T12:50:06.049Z] ----------------------------------------------------------------------
[debug] [2025-06-19T12:50:06.125Z] Command:       /usr/bin/node-22 /usr/local/bin/firebase deploy --only hosting --debug
[debug] [2025-06-19T12:50:06.128Z] CLI Version:   14.7.0
[debug] [2025-06-19T12:50:06.129Z] Platform:      linux
[debug] [2025-06-19T12:50:06.130Z] Node Version:  v22.16.0
[debug] [2025-06-19T12:50:06.131Z] Time:          Thu Jun 19 2025 05:50:06 GMT-0700 (heure d’été du Pacifique nord-américain)
[debug] [2025-06-19T12:50:06.132Z] ----------------------------------------------------------------------
[debug] 
[debug] [2025-06-19T12:50:06.705Z] > command requires scopes: ["email","openid","https://www.googleapis.com/auth/cloudplatformprojects.readonly","https://www.googleapis.com/auth/firebase","https://www.googleapis.com/auth/cloud-platform"]
[debug] [2025-06-19T12:50:06.709Z] > authorizing via signed-in user (hrandri30@gmail.com)
[debug] [2025-06-19T12:50:06.710Z] [iam] checking project chattapp-475bc for permissions ["firebase.projects.get","firebasehosting.sites.update"]
[debug] [2025-06-19T12:50:06.714Z] Checked if tokens are valid: true, expires at: 1750338679007
[debug] [2025-06-19T12:50:06.715Z] Checked if tokens are valid: true, expires at: 1750338679007
[debug] [2025-06-19T12:50:06.718Z] >>> [apiv2][query] POST https://cloudresourcemanager.googleapis.com/v1/projects/chattapp-475bc:testIamPermissions [none]
[debug] [2025-06-19T12:50:06.719Z] >>> [apiv2][(partial)header] POST https://cloudresourcemanager.googleapis.com/v1/projects/chattapp-475bc:testIamPermissions x-goog-quota-user=projects/chattapp-475bc
[debug] [2025-06-19T12:50:06.720Z] >>> [apiv2][body] POST https://cloudresourcemanager.googleapis.com/v1/projects/chattapp-475bc:testIamPermissions {"permissions":["firebase.projects.get","firebasehosting.sites.update"]}
[debug] [2025-06-19T12:50:11.119Z] <<< [apiv2][status] POST https://cloudresourcemanager.googleapis.com/v1/projects/chattapp-475bc:testIamPermissions 200
[debug] [2025-06-19T12:50:11.121Z] <<< [apiv2][body] POST https://cloudresourcemanager.googleapis.com/v1/projects/chattapp-475bc:testIamPermissions {"permissions":["firebase.projects.get","firebasehosting.sites.update"]}
[debug] [2025-06-19T12:50:11.123Z] Checked if tokens are valid: true, expires at: 1750338679007
[debug] [2025-06-19T12:50:11.123Z] Checked if tokens are valid: true, expires at: 1750338679007
[debug] [2025-06-19T12:50:11.124Z] >>> [apiv2][query] GET https://firebase.googleapis.com/v1beta1/projects/chattapp-475bc [none]
[debug] [2025-06-19T12:50:11.975Z] <<< [apiv2][status] GET https://firebase.googleapis.com/v1beta1/projects/chattapp-475bc 200
[debug] [2025-06-19T12:50:11.975Z] <<< [apiv2][body] GET https://firebase.googleapis.com/v1beta1/projects/chattapp-475bc {"projectId":"chattapp-475bc","projectNumber":"814755818371","displayName":"chattApp","name":"projects/chattapp-475bc","resources":{"hostingSite":"chattapp-475bc"},"state":"ACTIVE","etag":"1_1a2b6e2f-c68f-4916-aed5-c739c783e702"}
[debug] [2025-06-19T12:50:11.979Z] Specified "public" directory "out" does not exist; Deploy to Hosting site "chattapp-475bc" may fail or be empty.
[info] 
[info] === Deploying to 'chattapp-475bc'...
[info] 
[info] i  deploying hosting 
[debug] [2025-06-19T12:50:12.007Z] Checked if tokens are valid: true, expires at: 1750338679007
[debug] [2025-06-19T12:50:12.007Z] Checked if tokens are valid: true, expires at: 1750338679007
[debug] [2025-06-19T12:50:12.008Z] >>> [apiv2][query] POST https://firebasehosting.googleapis.com/v1beta1/projects/-/sites/chattapp-475bc/versions [none]
[debug] [2025-06-19T12:50:12.008Z] >>> [apiv2][body] POST https://firebasehosting.googleapis.com/v1beta1/projects/-/sites/chattapp-475bc/versions {"status":"CREATED","labels":{"deployment-tool":"cli-firebase"}}
[debug] [2025-06-19T12:50:16.382Z] <<< [apiv2][status] POST https://firebasehosting.googleapis.com/v1beta1/projects/-/sites/chattapp-475bc/versions 200
[debug] [2025-06-19T12:50:16.383Z] <<< [apiv2][body] POST https://firebasehosting.googleapis.com/v1beta1/projects/-/sites/chattapp-475bc/versions {"name":"projects/814755818371/sites/chattapp-475bc/versions/1f280db117e374fd","status":"CREATED","config":{},"labels":{"deployment-tool":"cli-firebase"}}
[info] i  hosting[chattapp-475bc]: beginning deploy... 
[error] 
[error] Error: Directory 'out' for Hosting does not exist.
